<?xml version="1.0" encoding="UTF-8"?>
<testng-results ignored="0" total="1" passed="1" failed="0" skipped="0">
  <reporter-output>
  </reporter-output>
  <suite started-at="2022-11-21T22:16:10 EST" name="Default suite" finished-at="2022-11-21T22:16:15 EST" duration-ms="4386">
    <groups>
    </groups>
    <test started-at="2022-11-21T22:16:10 EST" name="Default test" finished-at="2022-11-21T22:16:15 EST" duration-ms="4386">
      <class name="variousConcepts.LoginTest">
        <test-method is-config="true" signature="readConfig()[pri:0, instance:variousConcepts.LoginTest@6f46426d]" started-at="2022-11-21T22:16:10 EST" name="readConfig" finished-at="2022-11-21T22:16:11 EST" duration-ms="5" status="PASS">
          <reporter-output>
          </reporter-output>
        </test-method> <!-- readConfig -->
        <test-method is-config="true" signature="init()[pri:0, instance:variousConcepts.LoginTest@6f46426d]" started-at="2022-11-21T22:16:11 EST" name="init" finished-at="2022-11-21T22:16:13 EST" duration-ms="2318" status="PASS">
          <reporter-output>
          </reporter-output>
        </test-method> <!-- init -->
        <test-method signature="addCustomerTest()[pri:0, instance:variousConcepts.LoginTest@6f46426d]" started-at="2022-11-21T22:16:13 EST" name="addCustomerTest" finished-at="2022-11-21T22:16:15 EST" duration-ms="2039" status="PASS">
          <reporter-output>
          </reporter-output>
        </test-method> <!-- addCustomerTest -->
      </class> <!-- variousConcepts.LoginTest -->
    </test> <!-- Default test -->
  </suite> <!-- Default suite -->
</testng-results>
